<?xml version="1.0" encoding="UTF-8"?>
<!-- Generated by org.testng.reporters.JUnitReportReporter -->
<testsuite skipped="0" hostname="DESKTOP-1JFBICD" name="test.LoginTest" tests="2" failures="0" timestamp="16 Aug 2019 20:12:08 GMT" time="22.312" errors="0">
  <testcase name="validUserShouldBeAbleToLogin" time="5.773" classname="test.LoginTest"/>
  <testcase name="invalidUserShouldBeAbleToLogin" time="16.539" classname="test.LoginTest"/>
</testsuite> <!-- test.LoginTest -->
